<?xml version="1.0" encoding="UTF-8"?>
<!-- Generated by org.testng.reporters.JUnitReportReporter -->
<testsuite hostname="DESKTOP-J32O6FD" failures="0" tests="2" name="com.crm.qa.testcases.Logintest" time="49.061" errors="0" timestamp="2021-07-21T18:57:46 IST" skipped="0">
  <testcase classname="com.crm.qa.testcases.Logintest" name="googleTitle" time="26.981"/>
  <system-out/>
  <testcase classname="com.crm.qa.testcases.Logintest" name="googleImage" time="22.080"/>
  <system-out/>
</testsuite> <!-- com.crm.qa.testcases.Logintest -->
