<?xml version="1.0" encoding="UTF-8"?>
<!-- Generated by org.testng.reporters.JUnitReportReporter -->
<testsuite hostname="DESKTOP-J32O6FD" failures="0" tests="3" name="com.crm.qa.testcases.LoginPageTest" time="101.656" errors="0" timestamp="2021-07-21T17:19:35 IST" skipped="0">
  <testcase classname="com.crm.qa.testcases.LoginPageTest" name="loginPageTitleTest" time="13.069"/>
  <system-out/>
  <testcase classname="com.crm.qa.testcases.LoginPageTest" name="signUpBtnTest" time="65.319"/>
  <system-out/>
  <testcase classname="com.crm.qa.testcases.LoginPageTest" name="logintest" time="23.268"/>
  <system-out/>
</testsuite> <!-- com.crm.qa.testcases.LoginPageTest -->
