<?xml version="1.0" encoding="UTF-8"?>
<!-- Generated by org.testng.reporters.JUnitReportReporter -->
<testsuite hostname="DESKTOP-J32O6FD" failures="0" tests="3" name="com.crm.qa.testcases.HomePageTest" time="91.433" errors="0" timestamp="2021-07-21T17:19:35 IST" skipped="0">
  <testcase classname="com.crm.qa.testcases.HomePageTest" name="verifyHomePageTitleTest" time="25.575"/>
  <system-out/>
  <testcase classname="com.crm.qa.testcases.HomePageTest" name="usernameLabelTest" time="37.135"/>
  <system-out/>
  <testcase classname="com.crm.qa.testcases.HomePageTest" name="verifyContactsLinkTest" time="28.723"/>
  <system-out/>
</testsuite> <!-- com.crm.qa.testcases.HomePageTest -->
